This is XeTeX, Version 3.14159265-2.6-0.99991 (TeX Live 2014/W32TeX) (preloaded format=xelatex 2015.3.10)  27 NOV 2015 18:46
entering extended mode
 restricted \write18 enabled.
 %&-line parsing enabled.
**out/main.tex
(./out/main.tex
LaTeX2e <2014/05/01>
Babel <3.9l> and hyphenation patterns for 21 languages loaded.
(c:/texlive/2014/texmf-dist/tex/latex/base/article.cls
Document Class: article 2014/09/29 v1.4h Standard LaTeX document class
(c:/texlive/2014/texmf-dist/tex/latex/base/size10.clo
File: size10.clo 2014/09/29 v1.4h Standard LaTeX file (size option)
)
\c@part=\count80
\c@section=\count81
\c@subsection=\count82
\c@subsubsection=\count83
\c@paragraph=\count84
\c@subparagraph=\count85
\c@figure=\count86
\c@table=\count87
\abovecaptionskip=\skip41
\belowcaptionskip=\skip42
\bibindent=\dimen102
) (out/madoko2.sty (c:/texlive/2014/texmf-dist/tex/latex/xcolor/xcolor.sty
Package: xcolor 2007/01/21 v2.11 LaTeX color extensions (UK)
(c:/texlive/2014/texmf-dist/tex/latex/latexconfig/color.cfg
File: color.cfg 2007/01/18 v1.5 color configuration of teTeX/TeXLive
)
Package xcolor Info: Driver file: xetex.def on input line 225.
(c:/texlive/2014/texmf-dist/tex/xelatex/xetex-def/xetex.def
File: xetex.def 2015/03/25 v4.04 LaTeX color/graphics driver for XeTeX (TeX Liv
e/RRM/JK)
) (c:/texlive/2014/texmf-dist/tex/latex/colortbl/colortbl.sty
Package: colortbl 2012/02/13 v1.0a Color table columns (DPC)
(c:/texlive/2014/texmf-dist/tex/latex/tools/array.sty
Package: array 2014/10/28 v2.4c Tabular extension package (FMi)
\col@sep=\dimen103
\extrarowheight=\dimen104
\NC@list=\toks14
\extratabsurround=\skip43
\backup@length=\skip44
)
\everycr=\toks15
\minrowclearance=\skip45
)
\rownum=\count88
Package xcolor Info: Model `cmy' substituted by `cmy0' on input line 1337.
Package xcolor Info: Model `RGB' extended on input line 1353.
Package xcolor Info: Model `HTML' substituted by `rgb' on input line 1355.
Package xcolor Info: Model `Hsb' substituted by `hsb' on input line 1356.
Package xcolor Info: Model `tHsb' substituted by `hsb' on input line 1357.
Package xcolor Info: Model `HSB' substituted by `hsb' on input line 1358.
Package xcolor Info: Model `Gray' substituted by `gray' on input line 1359.
Package xcolor Info: Model `wave' substituted by `hsb' on input line 1360.
) (out/options.sty
Package: options 2015/03/01, Daan Leijen, Provides convenient path-value (or ke
y-value) options
(c:/texlive/2014/texmf-dist/tex/latex/etoolbox/etoolbox.sty
Package: etoolbox 2015/03/19 v2.1d e-TeX tools for LaTeX (JAW)
(c:/texlive/2014/texmf-dist/tex/latex/etex-pkg/etex.sty
Package: etex 2015/03/02 v2.1 eTeX basic definition package (PEB,DPC)
\et@xins=\count89
)
\etb@tempcnta=\count90
)
\opt@nesting=\count91
\opt@idx=\count92
\opt@choiceord=\count93
) (c:/texlive/2014/texmf-dist/tex/generic/iftex/iftex.sty
Package: iftex 2013/04/04 v0.2 Provides if(tex) conditional for PDFTeX, XeTeX, 
and LuaTeX
) (c:/texlive/2014/texmf-dist/tex/latex/graphics/graphicx.sty
Package: graphicx 2014/10/28 v1.0g Enhanced LaTeX Graphics (DPC,SPQR)
(c:/texlive/2014/texmf-dist/tex/latex/graphics/keyval.sty
Package: keyval 2014/10/28 v1.15 key=value parser (DPC)
\KV@toks@=\toks16
) (c:/texlive/2014/texmf-dist/tex/latex/graphics/graphics.sty
Package: graphics 2014/10/28 v1.0p Standard LaTeX Graphics (DPC,SPQR)
(c:/texlive/2014/texmf-dist/tex/latex/graphics/trig.sty
Package: trig 1999/03/16 v1.09 sin cos tan (DPC)
) (c:/texlive/2014/texmf-dist/tex/latex/latexconfig/graphics.cfg
File: graphics.cfg 2010/04/23 v1.9 graphics configuration of TeX Live
)
Package graphics Info: Driver file: xetex.def on input line 91.
)
\Gin@req@height=\dimen105
\Gin@req@width=\dimen106
) (out/longfbox.sty
Package: longfbox 2015/03/01, Daan Leijen, Provides long fbox that can break ov
er pages
(out/longbox.sty
Package: longbox 2015/03/01, Daan Leijen, Provides long fbox that can break ove
r pages
(c:/texlive/2014/texmf-dist/tex/latex/mdwtools/footnote.sty
Package: footnote 1997/01/28 1.13 Save footnotes around boxes
\fn@notes=\box26
\fn@width=\dimen107
)
\lb@prevdepth=\skip46
\lb@freevspace=\skip47
\lb@headbox=\box27
\lb@savebox=\box28
\lb@mainbox=\box29
\lb@usevbox=\count94
\lb@width=\skip48
\lb@height=\skip49
\lb@skiptop=\skip50
\lb@skipright=\skip51
\lb@skipbottom=\skip52
\lb@skipleft=\skip53
\lb@skipbreaktop=\skip54
\lb@skipbreakbottom=\skip55
\lb@outerwidth=\skip56
\lb@extrasplit=\skip57
\lb@textalign=\count95
\lb@baseline=\count96
\lb@neededvspace=\skip58
\lb@splitheight=\skip59
\lb@insurance=\skip60
\/longbox/@part-height=\skip61
\/longbox/@part-width=\skip62
\/longbox/@part-depth=\skip63
\/longbox/@content-box-height=\skip64
\/longbox/@content-box-width=\skip65
\/longbox/@content-box-depth=\skip66
\/longbox/@breakat-previous=\skip67
\/longbox/@lower=\skip68
\/longbox/split-minimum=\skip69
\/longbox/split-badness=\skip70
\/longbox/raise=\skip71
\/longbox/height=\skip72
\/longbox/width=\skip73
\/longbox/outer-height=\skip74
\/longbox/outer-width=\skip75
\/longbox/skip-top=\skip76
\/longbox/skip-right=\skip77
\/longbox/skip-bottom=\skip78
\/longbox/skip-left=\skip79
\/longbox/skip-break-bottom=\skip80
\/longbox/skip-break-top=\skip81
)

! LaTeX Error: File `pict2e.sty' not found.

Type X to quit or <RETURN> to proceed,
or enter new name. (Default extension: sty)

Enter file name: 
! Emergency stop.
<read *> 
         
l.15 \RequirePackage
                    {ellipse}^^M 
Here is how much of TeX's memory you used:
 2709 strings out of 495176
 49427 string characters out of 6177557
 112795 words of memory out of 5000000
 5982 multiletter control sequences out of 15000+600000
 3640 words of font info for 14 fonts, out of 8000000 for 9000
 319 hyphenation exceptions out of 8191
 48i,0n,46p,798b,36s stack positions out of 5000i,500n,10000p,200000b,80000s

No pages of output.
